C:\Program Files (x86)\Microsoft Visual Studio\2019\Community\MSBuild\Microsoft\VC\v160\Microsoft.CppBuild.targets(513,5): warning MSB8028: O diretório intermediário (x64\Release\) contém arquivos compartilhados de outro projeto (ImGui DirectX 11 Kiero Hook.vcxproj). Isso pode levar a um comportamento incorreto de limpeza e recompilação.
  imgui.cpp
  imgui_demo.cpp
  imgui_draw.cpp
  imgui_impl_dx11.cpp
C:\Program Files (x86)\Microsoft DirectX SDK (June 2010)\Include\dxgitype.h(12,1): warning C4005: 'DXGI_STATUS_OCCLUDED': redefinição de macro
C:\Program Files (x86)\Windows Kits\10\Include\10.0.26100.0\shared\winerror.h(58912): message : consulte a definição anterior de 'DXGI_STATUS_OCCLUDED'
C:\Program Files (x86)\Microsoft DirectX SDK (June 2010)\Include\dxgitype.h(13,1): warning C4005: 'DXGI_STATUS_CLIPPED': redefinição de macro
C:\Program Files (x86)\Windows Kits\10\Include\10.0.26100.0\shared\winerror.h(58921): message : consulte a definição anterior de 'DXGI_STATUS_CLIPPED'
C:\Program Files (x86)\Microsoft DirectX SDK (June 2010)\Include\dxgitype.h(14,1): warning C4005: 'DXGI_STATUS_NO_REDIRECTION': redefinição de macro
C:\Program Files (x86)\Windows Kits\10\Include\10.0.26100.0\shared\winerror.h(58930): message : consulte a definição anterior de 'DXGI_STATUS_NO_REDIRECTION'
C:\Program Files (x86)\Microsoft DirectX SDK (June 2010)\Include\dxgitype.h(15,1): warning C4005: 'DXGI_STATUS_NO_DESKTOP_ACCESS': redefinição de macro
C:\Program Files (x86)\Windows Kits\10\Include\10.0.26100.0\shared\winerror.h(58939): message : consulte a definição anterior de 'DXGI_STATUS_NO_DESKTOP_ACCESS'
C:\Program Files (x86)\Microsoft DirectX SDK (June 2010)\Include\dxgitype.h(16,1): warning C4005: 'DXGI_STATUS_GRAPHICS_VIDPN_SOURCE_IN_USE': redefinição de macro
C:\Program Files (x86)\Windows Kits\10\Include\10.0.26100.0\shared\winerror.h(58948): message : consulte a definição anterior de 'DXGI_STATUS_GRAPHICS_VIDPN_SOURCE_IN_USE'
C:\Program Files (x86)\Microsoft DirectX SDK (June 2010)\Include\dxgitype.h(17,1): warning C4005: 'DXGI_STATUS_MODE_CHANGED': redefinição de macro
C:\Program Files (x86)\Windows Kits\10\Include\10.0.26100.0\shared\winerror.h(58957): message : consulte a definição anterior de 'DXGI_STATUS_MODE_CHANGED'
C:\Program Files (x86)\Microsoft DirectX SDK (June 2010)\Include\dxgitype.h(18,1): warning C4005: 'DXGI_STATUS_MODE_CHANGE_IN_PROGRESS': redefinição de macro
C:\Program Files (x86)\Windows Kits\10\Include\10.0.26100.0\shared\winerror.h(58966): message : consulte a definição anterior de 'DXGI_STATUS_MODE_CHANGE_IN_PROGRESS'
C:\Program Files (x86)\Microsoft DirectX SDK (June 2010)\Include\dxgitype.h(21,1): warning C4005: 'DXGI_ERROR_INVALID_CALL': redefinição de macro
C:\Program Files (x86)\Windows Kits\10\Include\10.0.26100.0\shared\winerror.h(58981): message : consulte a definição anterior de 'DXGI_ERROR_INVALID_CALL'
C:\Program Files (x86)\Microsoft DirectX SDK (June 2010)\Include\dxgitype.h(22,1): warning C4005: 'DXGI_ERROR_NOT_FOUND': redefinição de macro
C:\Program Files (x86)\Windows Kits\10\Include\10.0.26100.0\shared\winerror.h(58990): message : consulte a definição anterior de 'DXGI_ERROR_NOT_FOUND'
C:\Program Files (x86)\Microsoft DirectX SDK (June 2010)\Include\dxgitype.h(23,1): warning C4005: 'DXGI_ERROR_MORE_DATA': redefinição de macro
C:\Program Files (x86)\Windows Kits\10\Include\10.0.26100.0\shared\winerror.h(58999): message : consulte a definição anterior de 'DXGI_ERROR_MORE_DATA'
C:\Program Files (x86)\Microsoft DirectX SDK (June 2010)\Include\dxgitype.h(24,1): warning C4005: 'DXGI_ERROR_UNSUPPORTED': redefinição de macro
C:\Program Files (x86)\Windows Kits\10\Include\10.0.26100.0\shared\winerror.h(59008): message : consulte a definição anterior de 'DXGI_ERROR_UNSUPPORTED'
C:\Program Files (x86)\Microsoft DirectX SDK (June 2010)\Include\dxgitype.h(25,1): warning C4005: 'DXGI_ERROR_DEVICE_REMOVED': redefinição de macro
C:\Program Files (x86)\Windows Kits\10\Include\10.0.26100.0\shared\winerror.h(59017): message : consulte a definição anterior de 'DXGI_ERROR_DEVICE_REMOVED'
C:\Program Files (x86)\Microsoft DirectX SDK (June 2010)\Include\dxgitype.h(26,1): warning C4005: 'DXGI_ERROR_DEVICE_HUNG': redefinição de macro
C:\Program Files (x86)\Windows Kits\10\Include\10.0.26100.0\shared\winerror.h(59026): message : consulte a definição anterior de 'DXGI_ERROR_DEVICE_HUNG'
C:\Program Files (x86)\Microsoft DirectX SDK (June 2010)\Include\dxgitype.h(27,1): warning C4005: 'DXGI_ERROR_DEVICE_RESET': redefinição de macro
C:\Program Files (x86)\Windows Kits\10\Include\10.0.26100.0\shared\winerror.h(59036): message : consulte a definição anterior de 'DXGI_ERROR_DEVICE_RESET'
C:\Program Files (x86)\Microsoft DirectX SDK (June 2010)\Include\dxgitype.h(28,1): warning C4005: 'DXGI_ERROR_WAS_STILL_DRAWING': redefinição de macro
C:\Program Files (x86)\Windows Kits\10\Include\10.0.26100.0\shared\winerror.h(59045): message : consulte a definição anterior de 'DXGI_ERROR_WAS_STILL_DRAWING'
C:\Program Files (x86)\Microsoft DirectX SDK (June 2010)\Include\dxgitype.h(29,1): warning C4005: 'DXGI_ERROR_FRAME_STATISTICS_DISJOINT': redefinição de macro
C:\Program Files (x86)\Windows Kits\10\Include\10.0.26100.0\shared\winerror.h(59055): message : consulte a definição anterior de 'DXGI_ERROR_FRAME_STATISTICS_DISJOINT'
C:\Program Files (x86)\Microsoft DirectX SDK (June 2010)\Include\dxgitype.h(30,1): warning C4005: 'DXGI_ERROR_GRAPHICS_VIDPN_SOURCE_IN_USE': redefinição de macro
C:\Program Files (x86)\Windows Kits\10\Include\10.0.26100.0\shared\winerror.h(59064): message : consulte a definição anterior de 'DXGI_ERROR_GRAPHICS_VIDPN_SOURCE_IN_USE'
C:\Program Files (x86)\Microsoft DirectX SDK (June 2010)\Include\dxgitype.h(31,1): warning C4005: 'DXGI_ERROR_DRIVER_INTERNAL_ERROR': redefinição de macro
C:\Program Files (x86)\Windows Kits\10\Include\10.0.26100.0\shared\winerror.h(59074): message : consulte a definição anterior de 'DXGI_ERROR_DRIVER_INTERNAL_ERROR'
C:\Program Files (x86)\Microsoft DirectX SDK (June 2010)\Include\dxgitype.h(32,1): warning C4005: 'DXGI_ERROR_NONEXCLUSIVE': redefinição de macro
C:\Program Files (x86)\Windows Kits\10\Include\10.0.26100.0\shared\winerror.h(59083): message : consulte a definição anterior de 'DXGI_ERROR_NONEXCLUSIVE'
C:\Program Files (x86)\Microsoft DirectX SDK (June 2010)\Include\dxgitype.h(33,1): warning C4005: 'DXGI_ERROR_NOT_CURRENTLY_AVAILABLE': redefinição de macro
C:\Program Files (x86)\Windows Kits\10\Include\10.0.26100.0\shared\winerror.h(59092): message : consulte a definição anterior de 'DXGI_ERROR_NOT_CURRENTLY_AVAILABLE'
C:\Program Files (x86)\Microsoft DirectX SDK (June 2010)\Include\dxgitype.h(34,1): warning C4005: 'DXGI_ERROR_REMOTE_CLIENT_DISCONNECTED': redefinição de macro
C:\Program Files (x86)\Windows Kits\10\Include\10.0.26100.0\shared\winerror.h(59102): message : consulte a definição anterior de 'DXGI_ERROR_REMOTE_CLIENT_DISCONNECTED'
C:\Program Files (x86)\Microsoft DirectX SDK (June 2010)\Include\dxgitype.h(35,1): warning C4005: 'DXGI_ERROR_REMOTE_OUTOFMEMORY': redefinição de macro
C:\Program Files (x86)\Windows Kits\10\Include\10.0.26100.0\shared\winerror.h(59111): message : consulte a definição anterior de 'DXGI_ERROR_REMOTE_OUTOFMEMORY'
C:\Program Files (x86)\Microsoft DirectX SDK (June 2010)\Include\d3d11.h(917,1): warning C4005: 'D3D11_ERROR_TOO_MANY_UNIQUE_STATE_OBJECTS': redefinição de macro
C:\Program Files (x86)\Windows Kits\10\Include\10.0.26100.0\shared\winerror.h(59426): message : consulte a definição anterior de 'D3D11_ERROR_TOO_MANY_UNIQUE_STATE_OBJECTS'
C:\Program Files (x86)\Microsoft DirectX SDK (June 2010)\Include\d3d11.h(918,1): warning C4005: 'D3D11_ERROR_FILE_NOT_FOUND': redefinição de macro
C:\Program Files (x86)\Windows Kits\10\Include\10.0.26100.0\shared\winerror.h(59435): message : consulte a definição anterior de 'D3D11_ERROR_FILE_NOT_FOUND'
C:\Program Files (x86)\Microsoft DirectX SDK (June 2010)\Include\d3d11.h(919,1): warning C4005: 'D3D11_ERROR_TOO_MANY_UNIQUE_VIEW_OBJECTS': redefinição de macro
C:\Program Files (x86)\Windows Kits\10\Include\10.0.26100.0\shared\winerror.h(59445): message : consulte a definição anterior de 'D3D11_ERROR_TOO_MANY_UNIQUE_VIEW_OBJECTS'
C:\Program Files (x86)\Microsoft DirectX SDK (June 2010)\Include\d3d11.h(920,1): warning C4005: 'D3D11_ERROR_DEFERRED_CONTEXT_MAP_WITHOUT_INITIAL_DISCARD': redefinição de macro
C:\Program Files (x86)\Windows Kits\10\Include\10.0.26100.0\shared\winerror.h(59454): message : consulte a definição anterior de 'D3D11_ERROR_DEFERRED_CONTEXT_MAP_WITHOUT_INITIAL_DISCARD'
C:\Program Files (x86)\Microsoft DirectX SDK (June 2010)\Include\d3d10.h(608,1): warning C4005: 'D3D10_ERROR_TOO_MANY_UNIQUE_STATE_OBJECTS': redefinição de macro
C:\Program Files (x86)\Windows Kits\10\Include\10.0.26100.0\shared\winerror.h(59402): message : consulte a definição anterior de 'D3D10_ERROR_TOO_MANY_UNIQUE_STATE_OBJECTS'
C:\Program Files (x86)\Microsoft DirectX SDK (June 2010)\Include\d3d10.h(609,1): warning C4005: 'D3D10_ERROR_FILE_NOT_FOUND': redefinição de macro
C:\Program Files (x86)\Windows Kits\10\Include\10.0.26100.0\shared\winerror.h(59411): message : consulte a definição anterior de 'D3D10_ERROR_FILE_NOT_FOUND'
  imgui_impl_win32.cpp
  imgui_widgets.cpp
  kiero.cpp
C:\Program Files (x86)\Microsoft DirectX SDK (June 2010)\Include\dxgitype.h(12,1): warning C4005: 'DXGI_STATUS_OCCLUDED': redefinição de macro
C:\Program Files (x86)\Windows Kits\10\Include\10.0.26100.0\shared\winerror.h(58912): message : consulte a definição anterior de 'DXGI_STATUS_OCCLUDED'
C:\Program Files (x86)\Microsoft DirectX SDK (June 2010)\Include\dxgitype.h(13,1): warning C4005: 'DXGI_STATUS_CLIPPED': redefinição de macro
C:\Program Files (x86)\Windows Kits\10\Include\10.0.26100.0\shared\winerror.h(58921): message : consulte a definição anterior de 'DXGI_STATUS_CLIPPED'
C:\Program Files (x86)\Microsoft DirectX SDK (June 2010)\Include\dxgitype.h(14,1): warning C4005: 'DXGI_STATUS_NO_REDIRECTION': redefinição de macro
C:\Program Files (x86)\Windows Kits\10\Include\10.0.26100.0\shared\winerror.h(58930): message : consulte a definição anterior de 'DXGI_STATUS_NO_REDIRECTION'
C:\Program Files (x86)\Microsoft DirectX SDK (June 2010)\Include\dxgitype.h(15,1): warning C4005: 'DXGI_STATUS_NO_DESKTOP_ACCESS': redefinição de macro
C:\Program Files (x86)\Windows Kits\10\Include\10.0.26100.0\shared\winerror.h(58939): message : consulte a definição anterior de 'DXGI_STATUS_NO_DESKTOP_ACCESS'
C:\Program Files (x86)\Microsoft DirectX SDK (June 2010)\Include\dxgitype.h(16,1): warning C4005: 'DXGI_STATUS_GRAPHICS_VIDPN_SOURCE_IN_USE': redefinição de macro
C:\Program Files (x86)\Windows Kits\10\Include\10.0.26100.0\shared\winerror.h(58948): message : consulte a definição anterior de 'DXGI_STATUS_GRAPHICS_VIDPN_SOURCE_IN_USE'
C:\Program Files (x86)\Microsoft DirectX SDK (June 2010)\Include\dxgitype.h(17,1): warning C4005: 'DXGI_STATUS_MODE_CHANGED': redefinição de macro
C:\Program Files (x86)\Windows Kits\10\Include\10.0.26100.0\shared\winerror.h(58957): message : consulte a definição anterior de 'DXGI_STATUS_MODE_CHANGED'
C:\Program Files (x86)\Microsoft DirectX SDK (June 2010)\Include\dxgitype.h(18,1): warning C4005: 'DXGI_STATUS_MODE_CHANGE_IN_PROGRESS': redefinição de macro
C:\Program Files (x86)\Windows Kits\10\Include\10.0.26100.0\shared\winerror.h(58966): message : consulte a definição anterior de 'DXGI_STATUS_MODE_CHANGE_IN_PROGRESS'
C:\Program Files (x86)\Microsoft DirectX SDK (June 2010)\Include\dxgitype.h(21,1): warning C4005: 'DXGI_ERROR_INVALID_CALL': redefinição de macro
C:\Program Files (x86)\Windows Kits\10\Include\10.0.26100.0\shared\winerror.h(58981): message : consulte a definição anterior de 'DXGI_ERROR_INVALID_CALL'
C:\Program Files (x86)\Microsoft DirectX SDK (June 2010)\Include\dxgitype.h(22,1): warning C4005: 'DXGI_ERROR_NOT_FOUND': redefinição de macro
C:\Program Files (x86)\Windows Kits\10\Include\10.0.26100.0\shared\winerror.h(58990): message : consulte a definição anterior de 'DXGI_ERROR_NOT_FOUND'
C:\Program Files (x86)\Microsoft DirectX SDK (June 2010)\Include\dxgitype.h(23,1): warning C4005: 'DXGI_ERROR_MORE_DATA': redefinição de macro
C:\Program Files (x86)\Windows Kits\10\Include\10.0.26100.0\shared\winerror.h(58999): message : consulte a definição anterior de 'DXGI_ERROR_MORE_DATA'
C:\Program Files (x86)\Microsoft DirectX SDK (June 2010)\Include\dxgitype.h(24,1): warning C4005: 'DXGI_ERROR_UNSUPPORTED': redefinição de macro
C:\Program Files (x86)\Windows Kits\10\Include\10.0.26100.0\shared\winerror.h(59008): message : consulte a definição anterior de 'DXGI_ERROR_UNSUPPORTED'
C:\Program Files (x86)\Microsoft DirectX SDK (June 2010)\Include\dxgitype.h(25,1): warning C4005: 'DXGI_ERROR_DEVICE_REMOVED': redefinição de macro
C:\Program Files (x86)\Windows Kits\10\Include\10.0.26100.0\shared\winerror.h(59017): message : consulte a definição anterior de 'DXGI_ERROR_DEVICE_REMOVED'
C:\Program Files (x86)\Microsoft DirectX SDK (June 2010)\Include\dxgitype.h(26,1): warning C4005: 'DXGI_ERROR_DEVICE_HUNG': redefinição de macro
C:\Program Files (x86)\Windows Kits\10\Include\10.0.26100.0\shared\winerror.h(59026): message : consulte a definição anterior de 'DXGI_ERROR_DEVICE_HUNG'
C:\Program Files (x86)\Microsoft DirectX SDK (June 2010)\Include\dxgitype.h(27,1): warning C4005: 'DXGI_ERROR_DEVICE_RESET': redefinição de macro
C:\Program Files (x86)\Windows Kits\10\Include\10.0.26100.0\shared\winerror.h(59036): message : consulte a definição anterior de 'DXGI_ERROR_DEVICE_RESET'
C:\Program Files (x86)\Microsoft DirectX SDK (June 2010)\Include\dxgitype.h(28,1): warning C4005: 'DXGI_ERROR_WAS_STILL_DRAWING': redefinição de macro
C:\Program Files (x86)\Windows Kits\10\Include\10.0.26100.0\shared\winerror.h(59045): message : consulte a definição anterior de 'DXGI_ERROR_WAS_STILL_DRAWING'
C:\Program Files (x86)\Microsoft DirectX SDK (June 2010)\Include\dxgitype.h(29,1): warning C4005: 'DXGI_ERROR_FRAME_STATISTICS_DISJOINT': redefinição de macro
C:\Program Files (x86)\Windows Kits\10\Include\10.0.26100.0\shared\winerror.h(59055): message : consulte a definição anterior de 'DXGI_ERROR_FRAME_STATISTICS_DISJOINT'
C:\Program Files (x86)\Microsoft DirectX SDK (June 2010)\Include\dxgitype.h(30,1): warning C4005: 'DXGI_ERROR_GRAPHICS_VIDPN_SOURCE_IN_USE': redefinição de macro
C:\Program Files (x86)\Windows Kits\10\Include\10.0.26100.0\shared\winerror.h(59064): message : consulte a definição anterior de 'DXGI_ERROR_GRAPHICS_VIDPN_SOURCE_IN_USE'
C:\Program Files (x86)\Microsoft DirectX SDK (June 2010)\Include\dxgitype.h(31,1): warning C4005: 'DXGI_ERROR_DRIVER_INTERNAL_ERROR': redefinição de macro
C:\Program Files (x86)\Windows Kits\10\Include\10.0.26100.0\shared\winerror.h(59074): message : consulte a definição anterior de 'DXGI_ERROR_DRIVER_INTERNAL_ERROR'
C:\Program Files (x86)\Microsoft DirectX SDK (June 2010)\Include\dxgitype.h(32,1): warning C4005: 'DXGI_ERROR_NONEXCLUSIVE': redefinição de macro
C:\Program Files (x86)\Windows Kits\10\Include\10.0.26100.0\shared\winerror.h(59083): message : consulte a definição anterior de 'DXGI_ERROR_NONEXCLUSIVE'
C:\Program Files (x86)\Microsoft DirectX SDK (June 2010)\Include\dxgitype.h(33,1): warning C4005: 'DXGI_ERROR_NOT_CURRENTLY_AVAILABLE': redefinição de macro
C:\Program Files (x86)\Windows Kits\10\Include\10.0.26100.0\shared\winerror.h(59092): message : consulte a definição anterior de 'DXGI_ERROR_NOT_CURRENTLY_AVAILABLE'
C:\Program Files (x86)\Microsoft DirectX SDK (June 2010)\Include\dxgitype.h(34,1): warning C4005: 'DXGI_ERROR_REMOTE_CLIENT_DISCONNECTED': redefinição de macro
C:\Program Files (x86)\Windows Kits\10\Include\10.0.26100.0\shared\winerror.h(59102): message : consulte a definição anterior de 'DXGI_ERROR_REMOTE_CLIENT_DISCONNECTED'
C:\Program Files (x86)\Microsoft DirectX SDK (June 2010)\Include\dxgitype.h(35,1): warning C4005: 'DXGI_ERROR_REMOTE_OUTOFMEMORY': redefinição de macro
C:\Program Files (x86)\Windows Kits\10\Include\10.0.26100.0\shared\winerror.h(59111): message : consulte a definição anterior de 'DXGI_ERROR_REMOTE_OUTOFMEMORY'
C:\Program Files (x86)\Microsoft DirectX SDK (June 2010)\Include\d3d11.h(917,1): warning C4005: 'D3D11_ERROR_TOO_MANY_UNIQUE_STATE_OBJECTS': redefinição de macro
C:\Program Files (x86)\Windows Kits\10\Include\10.0.26100.0\shared\winerror.h(59426): message : consulte a definição anterior de 'D3D11_ERROR_TOO_MANY_UNIQUE_STATE_OBJECTS'
C:\Program Files (x86)\Microsoft DirectX SDK (June 2010)\Include\d3d11.h(918,1): warning C4005: 'D3D11_ERROR_FILE_NOT_FOUND': redefinição de macro
C:\Program Files (x86)\Windows Kits\10\Include\10.0.26100.0\shared\winerror.h(59435): message : consulte a definição anterior de 'D3D11_ERROR_FILE_NOT_FOUND'
C:\Program Files (x86)\Microsoft DirectX SDK (June 2010)\Include\d3d11.h(919,1): warning C4005: 'D3D11_ERROR_TOO_MANY_UNIQUE_VIEW_OBJECTS': redefinição de macro
C:\Program Files (x86)\Windows Kits\10\Include\10.0.26100.0\shared\winerror.h(59445): message : consulte a definição anterior de 'D3D11_ERROR_TOO_MANY_UNIQUE_VIEW_OBJECTS'
C:\Program Files (x86)\Microsoft DirectX SDK (June 2010)\Include\d3d11.h(920,1): warning C4005: 'D3D11_ERROR_DEFERRED_CONTEXT_MAP_WITHOUT_INITIAL_DISCARD': redefinição de macro
C:\Program Files (x86)\Windows Kits\10\Include\10.0.26100.0\shared\winerror.h(59454): message : consulte a definição anterior de 'D3D11_ERROR_DEFERRED_CONTEXT_MAP_WITHOUT_INITIAL_DISCARD'
C:\Program Files (x86)\Microsoft DirectX SDK (June 2010)\Include\d3d10.h(608,1): warning C4005: 'D3D10_ERROR_TOO_MANY_UNIQUE_STATE_OBJECTS': redefinição de macro
C:\Program Files (x86)\Windows Kits\10\Include\10.0.26100.0\shared\winerror.h(59402): message : consulte a definição anterior de 'D3D10_ERROR_TOO_MANY_UNIQUE_STATE_OBJECTS'
C:\Program Files (x86)\Microsoft DirectX SDK (June 2010)\Include\d3d10.h(609,1): warning C4005: 'D3D10_ERROR_FILE_NOT_FOUND': redefinição de macro
C:\Program Files (x86)\Windows Kits\10\Include\10.0.26100.0\shared\winerror.h(59411): message : consulte a definição anterior de 'D3D10_ERROR_FILE_NOT_FOUND'
  main.cpp
C:\Program Files (x86)\Microsoft DirectX SDK (June 2010)\Include\dxgitype.h(12,1): warning C4005: 'DXGI_STATUS_OCCLUDED': redefinição de macro
C:\Program Files (x86)\Windows Kits\10\Include\10.0.26100.0\shared\winerror.h(58912): message : consulte a definição anterior de 'DXGI_STATUS_OCCLUDED'
C:\Program Files (x86)\Microsoft DirectX SDK (June 2010)\Include\dxgitype.h(13,1): warning C4005: 'DXGI_STATUS_CLIPPED': redefinição de macro
C:\Program Files (x86)\Windows Kits\10\Include\10.0.26100.0\shared\winerror.h(58921): message : consulte a definição anterior de 'DXGI_STATUS_CLIPPED'
C:\Program Files (x86)\Microsoft DirectX SDK (June 2010)\Include\dxgitype.h(14,1): warning C4005: 'DXGI_STATUS_NO_REDIRECTION': redefinição de macro
C:\Program Files (x86)\Windows Kits\10\Include\10.0.26100.0\shared\winerror.h(58930): message : consulte a definição anterior de 'DXGI_STATUS_NO_REDIRECTION'
C:\Program Files (x86)\Microsoft DirectX SDK (June 2010)\Include\dxgitype.h(15,1): warning C4005: 'DXGI_STATUS_NO_DESKTOP_ACCESS': redefinição de macro
C:\Program Files (x86)\Windows Kits\10\Include\10.0.26100.0\shared\winerror.h(58939): message : consulte a definição anterior de 'DXGI_STATUS_NO_DESKTOP_ACCESS'
C:\Program Files (x86)\Microsoft DirectX SDK (June 2010)\Include\dxgitype.h(16,1): warning C4005: 'DXGI_STATUS_GRAPHICS_VIDPN_SOURCE_IN_USE': redefinição de macro
C:\Program Files (x86)\Windows Kits\10\Include\10.0.26100.0\shared\winerror.h(58948): message : consulte a definição anterior de 'DXGI_STATUS_GRAPHICS_VIDPN_SOURCE_IN_USE'
C:\Program Files (x86)\Microsoft DirectX SDK (June 2010)\Include\dxgitype.h(17,1): warning C4005: 'DXGI_STATUS_MODE_CHANGED': redefinição de macro
C:\Program Files (x86)\Windows Kits\10\Include\10.0.26100.0\shared\winerror.h(58957): message : consulte a definição anterior de 'DXGI_STATUS_MODE_CHANGED'
C:\Program Files (x86)\Microsoft DirectX SDK (June 2010)\Include\dxgitype.h(18,1): warning C4005: 'DXGI_STATUS_MODE_CHANGE_IN_PROGRESS': redefinição de macro
C:\Program Files (x86)\Windows Kits\10\Include\10.0.26100.0\shared\winerror.h(58966): message : consulte a definição anterior de 'DXGI_STATUS_MODE_CHANGE_IN_PROGRESS'
C:\Program Files (x86)\Microsoft DirectX SDK (June 2010)\Include\dxgitype.h(21,1): warning C4005: 'DXGI_ERROR_INVALID_CALL': redefinição de macro
C:\Program Files (x86)\Windows Kits\10\Include\10.0.26100.0\shared\winerror.h(58981): message : consulte a definição anterior de 'DXGI_ERROR_INVALID_CALL'
C:\Program Files (x86)\Microsoft DirectX SDK (June 2010)\Include\dxgitype.h(22,1): warning C4005: 'DXGI_ERROR_NOT_FOUND': redefinição de macro
C:\Program Files (x86)\Windows Kits\10\Include\10.0.26100.0\shared\winerror.h(58990): message : consulte a definição anterior de 'DXGI_ERROR_NOT_FOUND'
C:\Program Files (x86)\Microsoft DirectX SDK (June 2010)\Include\dxgitype.h(23,1): warning C4005: 'DXGI_ERROR_MORE_DATA': redefinição de macro
C:\Program Files (x86)\Windows Kits\10\Include\10.0.26100.0\shared\winerror.h(58999): message : consulte a definição anterior de 'DXGI_ERROR_MORE_DATA'
C:\Program Files (x86)\Microsoft DirectX SDK (June 2010)\Include\dxgitype.h(24,1): warning C4005: 'DXGI_ERROR_UNSUPPORTED': redefinição de macro
C:\Program Files (x86)\Windows Kits\10\Include\10.0.26100.0\shared\winerror.h(59008): message : consulte a definição anterior de 'DXGI_ERROR_UNSUPPORTED'
C:\Program Files (x86)\Microsoft DirectX SDK (June 2010)\Include\dxgitype.h(25,1): warning C4005: 'DXGI_ERROR_DEVICE_REMOVED': redefinição de macro
C:\Program Files (x86)\Windows Kits\10\Include\10.0.26100.0\shared\winerror.h(59017): message : consulte a definição anterior de 'DXGI_ERROR_DEVICE_REMOVED'
C:\Program Files (x86)\Microsoft DirectX SDK (June 2010)\Include\dxgitype.h(26,1): warning C4005: 'DXGI_ERROR_DEVICE_HUNG': redefinição de macro
C:\Program Files (x86)\Windows Kits\10\Include\10.0.26100.0\shared\winerror.h(59026): message : consulte a definição anterior de 'DXGI_ERROR_DEVICE_HUNG'
C:\Program Files (x86)\Microsoft DirectX SDK (June 2010)\Include\dxgitype.h(27,1): warning C4005: 'DXGI_ERROR_DEVICE_RESET': redefinição de macro
C:\Program Files (x86)\Windows Kits\10\Include\10.0.26100.0\shared\winerror.h(59036): message : consulte a definição anterior de 'DXGI_ERROR_DEVICE_RESET'
C:\Program Files (x86)\Microsoft DirectX SDK (June 2010)\Include\dxgitype.h(28,1): warning C4005: 'DXGI_ERROR_WAS_STILL_DRAWING': redefinição de macro
C:\Program Files (x86)\Windows Kits\10\Include\10.0.26100.0\shared\winerror.h(59045): message : consulte a definição anterior de 'DXGI_ERROR_WAS_STILL_DRAWING'
C:\Program Files (x86)\Microsoft DirectX SDK (June 2010)\Include\dxgitype.h(29,1): warning C4005: 'DXGI_ERROR_FRAME_STATISTICS_DISJOINT': redefinição de macro
C:\Program Files (x86)\Windows Kits\10\Include\10.0.26100.0\shared\winerror.h(59055): message : consulte a definição anterior de 'DXGI_ERROR_FRAME_STATISTICS_DISJOINT'
C:\Program Files (x86)\Microsoft DirectX SDK (June 2010)\Include\dxgitype.h(30,1): warning C4005: 'DXGI_ERROR_GRAPHICS_VIDPN_SOURCE_IN_USE': redefinição de macro
C:\Program Files (x86)\Windows Kits\10\Include\10.0.26100.0\shared\winerror.h(59064): message : consulte a definição anterior de 'DXGI_ERROR_GRAPHICS_VIDPN_SOURCE_IN_USE'
C:\Program Files (x86)\Microsoft DirectX SDK (June 2010)\Include\dxgitype.h(31,1): warning C4005: 'DXGI_ERROR_DRIVER_INTERNAL_ERROR': redefinição de macro
C:\Program Files (x86)\Windows Kits\10\Include\10.0.26100.0\shared\winerror.h(59074): message : consulte a definição anterior de 'DXGI_ERROR_DRIVER_INTERNAL_ERROR'
C:\Program Files (x86)\Microsoft DirectX SDK (June 2010)\Include\dxgitype.h(32,1): warning C4005: 'DXGI_ERROR_NONEXCLUSIVE': redefinição de macro
C:\Program Files (x86)\Windows Kits\10\Include\10.0.26100.0\shared\winerror.h(59083): message : consulte a definição anterior de 'DXGI_ERROR_NONEXCLUSIVE'
C:\Program Files (x86)\Microsoft DirectX SDK (June 2010)\Include\dxgitype.h(33,1): warning C4005: 'DXGI_ERROR_NOT_CURRENTLY_AVAILABLE': redefinição de macro
C:\Program Files (x86)\Windows Kits\10\Include\10.0.26100.0\shared\winerror.h(59092): message : consulte a definição anterior de 'DXGI_ERROR_NOT_CURRENTLY_AVAILABLE'
C:\Program Files (x86)\Microsoft DirectX SDK (June 2010)\Include\dxgitype.h(34,1): warning C4005: 'DXGI_ERROR_REMOTE_CLIENT_DISCONNECTED': redefinição de macro
C:\Program Files (x86)\Windows Kits\10\Include\10.0.26100.0\shared\winerror.h(59102): message : consulte a definição anterior de 'DXGI_ERROR_REMOTE_CLIENT_DISCONNECTED'
C:\Program Files (x86)\Microsoft DirectX SDK (June 2010)\Include\dxgitype.h(35,1): warning C4005: 'DXGI_ERROR_REMOTE_OUTOFMEMORY': redefinição de macro
C:\Program Files (x86)\Windows Kits\10\Include\10.0.26100.0\shared\winerror.h(59111): message : consulte a definição anterior de 'DXGI_ERROR_REMOTE_OUTOFMEMORY'
C:\Program Files (x86)\Microsoft DirectX SDK (June 2010)\Include\d3d11.h(917,1): warning C4005: 'D3D11_ERROR_TOO_MANY_UNIQUE_STATE_OBJECTS': redefinição de macro
C:\Program Files (x86)\Windows Kits\10\Include\10.0.26100.0\shared\winerror.h(59426): message : consulte a definição anterior de 'D3D11_ERROR_TOO_MANY_UNIQUE_STATE_OBJECTS'
C:\Program Files (x86)\Microsoft DirectX SDK (June 2010)\Include\d3d11.h(918,1): warning C4005: 'D3D11_ERROR_FILE_NOT_FOUND': redefinição de macro
C:\Program Files (x86)\Windows Kits\10\Include\10.0.26100.0\shared\winerror.h(59435): message : consulte a definição anterior de 'D3D11_ERROR_FILE_NOT_FOUND'
C:\Program Files (x86)\Microsoft DirectX SDK (June 2010)\Include\d3d11.h(919,1): warning C4005: 'D3D11_ERROR_TOO_MANY_UNIQUE_VIEW_OBJECTS': redefinição de macro
C:\Program Files (x86)\Windows Kits\10\Include\10.0.26100.0\shared\winerror.h(59445): message : consulte a definição anterior de 'D3D11_ERROR_TOO_MANY_UNIQUE_VIEW_OBJECTS'
C:\Program Files (x86)\Microsoft DirectX SDK (June 2010)\Include\d3d11.h(920,1): warning C4005: 'D3D11_ERROR_DEFERRED_CONTEXT_MAP_WITHOUT_INITIAL_DISCARD': redefinição de macro
C:\Program Files (x86)\Windows Kits\10\Include\10.0.26100.0\shared\winerror.h(59454): message : consulte a definição anterior de 'D3D11_ERROR_DEFERRED_CONTEXT_MAP_WITHOUT_INITIAL_DISCARD'
C:\Program Files (x86)\Microsoft DirectX SDK (June 2010)\Include\d3d10.h(608,1): warning C4005: 'D3D10_ERROR_TOO_MANY_UNIQUE_STATE_OBJECTS': redefinição de macro
C:\Program Files (x86)\Windows Kits\10\Include\10.0.26100.0\shared\winerror.h(59402): message : consulte a definição anterior de 'D3D10_ERROR_TOO_MANY_UNIQUE_STATE_OBJECTS'
C:\Program Files (x86)\Microsoft DirectX SDK (June 2010)\Include\d3d10.h(609,1): warning C4005: 'D3D10_ERROR_FILE_NOT_FOUND': redefinição de macro
C:\Program Files (x86)\Windows Kits\10\Include\10.0.26100.0\shared\winerror.h(59411): message : consulte a definição anterior de 'D3D10_ERROR_FILE_NOT_FOUND'
  buffer.c
  hde32.c
  hde64.c
  hook.c
  trampoline.c
  Gerando código
  Previous IPDB was built with incompatible compiler, fall back to full compilation.
  All 418 functions were compiled because no usable IPDB/IOBJ from previous compilation was found.
  Finalizada a geração de código
  ImGui DirectX 11 Kiero Hook.vcxproj -> C:\Users\zl\Desktop\MQ - FiveM Dumper\x64\Release\dumps.dll
  'pwsh.exe' não é reconhecido como um comando interno
  ou externo, um programa operável ou um arquivo em lotes.
